{
  "RSpec": {
    "coverage": {
      "/Users/agalloway/Projects/bookmark_manager/spec/features/index_spec.rb": {
        "lines": [
          1,
          null,
          null,
          null,
          null,
          1,
          1,
          1,
          1,
          null,
          null
        ]
      },
      "/Users/agalloway/Projects/bookmark_manager/spec/features/viewing_bookmarks_spec.rb": {
        "lines": [
          1,
          null,
          null,
          null,
          null,
          null,
          1,
          1,
          1,
          1,
          null,
          null,
          null,
          null
        ]
      },
      "/Users/agalloway/Projects/bookmark_manager/spec/unit/bookmark_spec.rb": {
        "lines": [
          1,
          null,
          null,
          null,
          null,
          1,
          1,
          1,
          1,
          1,
          1,
          1,
          1,
          null,
          null,
          null
        ]
      }
    },
    "timestamp": 1631715968
  }
}
